<?xml version="1.0" encoding="UTF-8"?>
<!-- Generated by org.testng.reporters.JUnitXMLReporter -->
<testsuite ignored="0" hostname="0716RDNAB13" failures="0" tests="3" name="login" time="3.628" errors="0" timestamp="10 Feb 2022 21:06:33 GMT">
  <testcase classname="testcases.TC003Login" name="verifyLogin1" time="1.151"/>
  <testcase classname="testcases.TC003Login" name="verifyLogin2" time="1.087"/>
  <testcase classname="testcases.TC003Login" name="verifyLogin" time="1.383"/>
</testsuite> <!-- login -->
