<?xml version="1.0" encoding="UTF-8"?>
<!-- Generated by org.testng.reporters.JUnitXMLReporter -->
<testsuite ignored="0" hostname="0716RDNAB13" failures="1" tests="2" name="register" time="2.834" errors="0" timestamp="10 Feb 2022 21:06:30 GMT">
  <testcase classname="testcases.TC002Register" name="verifyRegister" time="1.148"/>
  <testcase classname="testcases.TC002Register" name="verifyRegister1" time="1.284">
    <failure type="java.lang.AssertionError" message="expected [Warning: You must agree to the Privacy Policy!] but found [Warning: You must agree to the Privacy Polic!]">
      <![CDATA[java.lang.AssertionError: expected [Warning: You must agree to the Privacy Policy!] but found [Warning: You must agree to the Privacy Polic!]
at testcases.TC002Register.verifyRegister1(TC002Register.java:28)
... Removed 31 stack frames]]>
    </failure>
  </testcase> <!-- verifyRegister1 -->
</testsuite> <!-- register -->
