<?xml version="1.0" encoding="UTF-8"?>
<!-- Generated by org.testng.reporters.JUnitXMLReporter -->
<testsuite hostname="DESKTOP-TFJH4KN" ignored="0" name="login" tests="3" failures="0" timestamp="12 Feb 2022 13:09:06 GMT" time="3.609" errors="0">
  <testcase name="verifyLogin1" time="1.086" classname="testcases.TC003Login"/>
  <testcase name="verifyLogin2" time="1.084" classname="testcases.TC003Login"/>
  <testcase name="verifyLogin" time="1.348" classname="testcases.TC003Login"/>
</testsuite> <!-- login -->
