<?xml version="1.0" encoding="UTF-8"?>
<!-- Generated by org.testng.reporters.JUnitXMLReporter -->
<testsuite hostname="DESKTOP-TFJH4KN" ignored="0" name="register" tests="2" failures="1" timestamp="12 Feb 2022 06:26:34 GMT" time="3.041" errors="0">
  <testcase name="verifyRegister" time="1.276" classname="testcases.TC002Register"/>
  <testcase name="verifyRegister1" time="1.509" classname="testcases.TC002Register">
    <failure type="java.lang.AssertionError" message="expected [Warning: You must agree to the Privacy Policy!] but found [Warning: You must agree to the Privacy Polic!]">
      <![CDATA[java.lang.AssertionError: expected [Warning: You must agree to the Privacy Policy!] but found [Warning: You must agree to the Privacy Polic!]
at testcases.TC002Register.verifyRegister1(TC002Register.java:29)
... Removed 35 stack frames]]>
    </failure>
  </testcase> <!-- verifyRegister1 -->
</testsuite> <!-- register -->
