-------------------------------------------------------------------------------
Test set: TestSuite
-------------------------------------------------------------------------------
Tests run: 6, Failures: 1, Errors: 0, Skipped: 0, Time elapsed: 9.979 s <<< FAILURE! - in TestSuite
testcases.TC002Register.verifyRegister1  Time elapsed: 1.41 s  <<< FAILURE!
java.lang.AssertionError: expected [Warning: You must agree to the Privacy Policy!] but found [Warning: You must agree to the Privacy Polic!]
	at testcases.TC002Register.verifyRegister1(TC002Register.java:29)

