<?xml version="1.0" encoding="UTF-8"?>
<testsuite xmlns:xsi="http://www.w3.org/2001/XMLSchema-instance" xsi:noNamespaceSchemaLocation="https://maven.apache.org/surefire/maven-surefire-plugin/xsd/surefire-test-report-3.0.xsd" version="3.0" name="TestSuite" time="10.647" tests="6" errors="0" skipped="0" failures="0">
  <properties>
[...]
</properties>
  <testcase name="openLoginPage" classname="testcases.TC001MyAccount" time="0.646"/>
  <testcase name="verifyRegister" classname="testcases.TC002Register" time="1.285"/>
  <testcase name="verifyRegister1" classname="testcases.TC002Register" time="1.494"/>
  <testcase name="verifyLogin1" classname="testcases.TC003Login" time="1.176"/>
  <testcase name="verifyLogin2" classname="testcases.TC003Login" time="1.102"/>
  <testcase name="verifyLogin" classname="testcases.TC003Login" time="1.472"/>
</testsuite>