<?xml version="1.0" encoding="UTF-8"?>
<testng-results skipped="0" failed="0" ignored="0" total="6" passed="6">
  <reporter-output>
  </reporter-output>
  <suite name="Suite" duration-ms="7027" started-at="2022-02-12T13:08:59Z" finished-at="2022-02-12T13:09:06Z">
    <groups>
    </groups>
    <test name="regression" duration-ms="714" started-at="2022-02-12T13:08:59Z" finished-at="2022-02-12T13:09:00Z">
      <class name="testcases.TC001MyAccount">
        <test-method status="PASS" signature="openLoginPage()[pri:0, instance:testcases.TC001MyAccount@2d8f65a4]" name="openLoginPage" duration-ms="541" started-at="2022-02-12T13:08:59Z" finished-at="2022-02-12T13:09:00Z">
          <reporter-output>
          </reporter-output>
        </test-method> <!-- openLoginPage -->
      </class> <!-- testcases.TC001MyAccount -->
    </test> <!-- regression -->
    <test name="register" duration-ms="2696" started-at="2022-02-12T13:09:00Z" finished-at="2022-02-12T13:09:02Z">
      <class name="testcases.TC002Register">
        <test-method status="PASS" signature="verifyRegister()[pri:1, instance:testcases.TC002Register@69a3d1d]" name="verifyRegister" duration-ms="1260" started-at="2022-02-12T13:09:00Z" finished-at="2022-02-12T13:09:01Z">
          <reporter-output>
          </reporter-output>
        </test-method> <!-- verifyRegister -->
        <test-method status="PASS" signature="verifyRegister1()[pri:2, instance:testcases.TC002Register@69a3d1d]" name="verifyRegister1" duration-ms="1395" started-at="2022-02-12T13:09:01Z" finished-at="2022-02-12T13:09:02Z">
          <reporter-output>
          </reporter-output>
        </test-method> <!-- verifyRegister1 -->
      </class> <!-- testcases.TC002Register -->
    </test> <!-- register -->
    <test name="login" duration-ms="3609" started-at="2022-02-12T13:09:02Z" finished-at="2022-02-12T13:09:06Z">
      <class name="testcases.TC003Login">
        <test-method status="PASS" signature="Initialize()[pri:0, instance:testcases.TC003Login@3dfc5fb8]" name="Initialize" is-config="true" duration-ms="2331" started-at="2022-02-12T13:08:57Z" finished-at="2022-02-12T13:08:59Z">
          <reporter-output>
          </reporter-output>
        </test-method> <!-- Initialize -->
        <test-method status="PASS" signature="verifyLogin1()[pri:1, instance:testcases.TC003Login@3dfc5fb8]" name="verifyLogin1" duration-ms="1086" started-at="2022-02-12T13:09:02Z" finished-at="2022-02-12T13:09:04Z">
          <reporter-output>
          </reporter-output>
        </test-method> <!-- verifyLogin1 -->
        <test-method status="PASS" signature="verifyLogin2()[pri:2, instance:testcases.TC003Login@3dfc5fb8]" name="verifyLogin2" duration-ms="1084" started-at="2022-02-12T13:09:04Z" finished-at="2022-02-12T13:09:05Z">
          <reporter-output>
          </reporter-output>
        </test-method> <!-- verifyLogin2 -->
        <test-method status="PASS" signature="verifyLogin()[pri:3, instance:testcases.TC003Login@3dfc5fb8]" name="verifyLogin" duration-ms="1348" started-at="2022-02-12T13:09:05Z" finished-at="2022-02-12T13:09:06Z">
          <reporter-output>
          </reporter-output>
        </test-method> <!-- verifyLogin -->
        <test-method status="PASS" signature="tearDown()[pri:0, instance:testcases.TC003Login@3dfc5fb8]" name="tearDown" is-config="true" duration-ms="81" started-at="2022-02-12T13:09:06Z" finished-at="2022-02-12T13:09:06Z">
          <reporter-output>
          </reporter-output>
        </test-method> <!-- tearDown -->
      </class> <!-- testcases.TC003Login -->
    </test> <!-- login -->
  </suite> <!-- Suite -->
</testng-results>
