<?xml version="1.0" encoding="UTF-8"?>
<testng-results skipped="0" failed="0" ignored="0" total="2" passed="2">
  <reporter-output>
  </reporter-output>
  <suite name="Default suite" duration-ms="2291" started-at="2022-02-12T14:14:58Z" finished-at="2022-02-12T14:15:01Z">
    <groups>
    </groups>
    <test name="Default test" duration-ms="2291" started-at="2022-02-12T14:14:58Z" finished-at="2022-02-12T14:15:01Z">
      <class name="testcases.DataDriven">
        <test-method status="PASS" signature="Initialize()[pri:0, instance:testcases.DataDriven@443118b0]" name="Initialize" is-config="true" duration-ms="2139" started-at="2022-02-12T14:14:56Z" finished-at="2022-02-12T14:14:58Z">
          <reporter-output>
          </reporter-output>
        </test-method> <!-- Initialize -->
        <test-method status="PASS" signature="testcaseData(java.lang.String, java.lang.String)[pri:0, instance:testcases.DataDriven@443118b0]" name="testcaseData" duration-ms="1210" started-at="2022-02-12T14:14:58Z" data-provider="testdata" finished-at="2022-02-12T14:15:00Z">
          <params>
            <param index="0">
              <value>
                <![CDATA[username]]>
              </value>
            </param>
            <param index="1">
              <value>
                <![CDATA[password]]>
              </value>
            </param>
          </params>
          <reporter-output>
          </reporter-output>
        </test-method> <!-- testcaseData -->
        <test-method status="PASS" signature="testcaseData(java.lang.String, java.lang.String)[pri:0, instance:testcases.DataDriven@443118b0]" name="testcaseData" duration-ms="1064" started-at="2022-02-12T14:15:00Z" data-provider="testdata" finished-at="2022-02-12T14:15:01Z">
          <params>
            <param index="0">
              <value>
                <![CDATA[Tye]]>
              </value>
            </param>
            <param index="1">
              <value>
                <![CDATA[tutorial]]>
              </value>
            </param>
          </params>
          <reporter-output>
          </reporter-output>
        </test-method> <!-- testcaseData -->
        <test-method status="PASS" signature="tearDown()[pri:0, instance:testcases.DataDriven@443118b0]" name="tearDown" is-config="true" duration-ms="58" started-at="2022-02-12T14:15:01Z" finished-at="2022-02-12T14:15:01Z">
          <reporter-output>
          </reporter-output>
        </test-method> <!-- tearDown -->
      </class> <!-- testcases.DataDriven -->
    </test> <!-- Default test -->
  </suite> <!-- Default suite -->
</testng-results>
